<?xml version="1.0" encoding="UTF-8"?>
<!-- Generated by org.testng.reporters.JUnitXMLReporter -->
<testsuite ignored="3" hostname="DESKTOP-AFOKIGP" failures="0" tests="0" time="0.001" errors="0" timestamp="2023-03-30T16:56:21 IST">
  <testcase classname="loans.HomeLoans" name="homeBuy" time="0.0">
    <ignored/>
  </testcase> <!-- homeBuy -->
  <testcase classname="loans.HomeLoans" name="homePledge" time="0.0">
    <ignored/>
  </testcase> <!-- homePledge -->
  <testcase classname="loans.HomeLoans" name="homeConstruction" time="0.0">
    <ignored/>
  </testcase> <!-- homeConstruction -->
</testsuite>
