<?xml version="1.0" encoding="UTF-8"?>
<!-- Generated by org.testng.reporters.JUnitXMLReporter -->
<testsuite ignored="5" hostname="DESKTOP-AFOKIGP" failures="0" tests="0" time="0.017" errors="0" timestamp="2023-03-30T16:56:21 IST">
  <testcase classname="openBankAccount.SalariedAccount" name="salary" time="0.0">
    <ignored/>
  </testcase> <!-- salary -->
  <testcase classname="openBankAccount.SavingsBankAccount" name="savings" time="0.0">
    <ignored/>
  </testcase> <!-- savings -->
  <testcase classname="openBankAccount.ZeroBalance" name="zeroForStudents" time="0.0">
    <ignored/>
  </testcase> <!-- zeroForStudents -->
  <testcase classname="openBankAccount.CurrentAccount" name="cureentAcc" time="0.0">
    <ignored/>
  </testcase> <!-- cureentAcc -->
  <testcase classname="openBankAccount.ZeroBalance" name="zeroForOlderPeople" time="0.0">
    <ignored/>
  </testcase> <!-- zeroForOlderPeople -->
</testsuite>
