<?xml version="1.0" encoding="UTF-8"?>
<testng-results ignored="8" total="8" passed="0" failed="0" skipped="0">
  <reporter-output>
  </reporter-output>
  <suite started-at="2023-03-30T16:56:21 IST" name="CitiBank" finished-at="2023-03-30T16:56:21 IST" duration-ms="107">
    <groups>
    </groups>
    <test started-at="2023-03-30T16:56:21 IST" name="OpenBankAccount" finished-at="2023-03-30T16:56:21 IST" duration-ms="17">
    </test> <!-- OpenBankAccount -->
    <test started-at="2023-03-30T16:56:21 IST" name="Loans" finished-at="2023-03-30T16:56:21 IST" duration-ms="1">
    </test> <!-- Loans -->
  </suite> <!-- CitiBank -->
</testng-results>
